[2026-02-14T20:04:31.116Z] [INFO] [ROOM_CREATED] Room created | {"roomId":"2daca466-d0e3-4c84-9a60-e61b9b4bd7ba","ownerId":"0175a781-5706-47cb-beb3-5ca226c5bcb6","ownerName":"eager-orange"}
[2026-02-14T20:04:31.259Z] [INFO] [ROOM_JOIN_ATTEMPT] User attempting to join room | {"userId":"0175a781-5706-47cb-beb3-5ca226c5bcb6","userName":"eager-orange","roomId":"2daca466-d0e3-4c84-9a60-e61b9b4bd7ba","role":"owner"}
[2026-02-14T20:04:31.263Z] [INFO] [ROOM_JOIN_ATTEMPT] User attempting to join room | {"userId":"0175a781-5706-47cb-beb3-5ca226c5bcb6","userName":"eager-orange","roomId":"2daca466-d0e3-4c84-9a60-e61b9b4bd7ba","role":"owner"}
[2026-02-14T20:05:31.775Z] [INFO] [ROOM_JOIN_ATTEMPT] User attempting to join room | {"userId":"c9858625-c385-47b1-b8d0-a2165117823b","userName":"jolly-azure","roomId":"2daca466-d0e3-4c84-9a60-e61b9b4bd7ba","role":"guest"}
[2026-02-14T20:05:31.775Z] [INFO] [ROOM_JOIN_SUCCESS] User joined room successfully | {"userId":"c9858625-c385-47b1-b8d0-a2165117823b","userName":"jolly-azure","roomId":"2daca466-d0e3-4c84-9a60-e61b9b4bd7ba","role":"guest","success":true}
[2026-02-14T20:05:31.781Z] [WARN] [ROOM_JOIN_FAILURE] User failed to join room | {"userId":"ab3ac10b-f551-46a1-a3f0-b6eee4e240e4","userName":"fancy-indigo","roomId":"2daca466-d0e3-4c84-9a60-e61b9b4bd7ba","role":"guest","success":false,"reason":"Room is already full"}
[2026-02-15T19:04:30.757Z] [INFO] [ROOM_CREATED] Room created | {"roomId":"04f2cf0a-ffe7-403a-a561-d03ad30d23c8","ownerId":"0175a781-5706-47cb-beb3-5ca226c5bcb6","ownerName":"eager-orange"}
[2026-02-15T19:04:30.901Z] [INFO] [ROOM_JOIN_ATTEMPT] User attempting to join room | {"userId":"0175a781-5706-47cb-beb3-5ca226c5bcb6","userName":"eager-orange","roomId":"04f2cf0a-ffe7-403a-a561-d03ad30d23c8","role":"owner"}
[2026-02-15T19:04:30.906Z] [INFO] [ROOM_JOIN_ATTEMPT] User attempting to join room | {"userId":"0175a781-5706-47cb-beb3-5ca226c5bcb6","userName":"eager-orange","roomId":"04f2cf0a-ffe7-403a-a561-d03ad30d23c8","role":"owner"}
[2026-02-15T19:04:40.706Z] [INFO] [ROOM_JOIN_ATTEMPT] User attempting to join room | {"userId":"d72e330a-21a3-4f27-9570-031f541460d0","userName":"nice-gold","roomId":"04f2cf0a-ffe7-403a-a561-d03ad30d23c8","role":"guest"}
[2026-02-15T19:04:40.706Z] [INFO] [ROOM_JOIN_SUCCESS] User joined room successfully | {"userId":"d72e330a-21a3-4f27-9570-031f541460d0","userName":"nice-gold","roomId":"04f2cf0a-ffe7-403a-a561-d03ad30d23c8","role":"guest","success":true}
[2026-02-15T19:04:40.713Z] [WARN] [ROOM_JOIN_FAILURE] User failed to join room | {"userId":"d7e2bfc1-ff50-4de5-a0fc-9b2e4aa16677","userName":"proud-yellow","roomId":"04f2cf0a-ffe7-403a-a561-d03ad30d23c8","role":"guest","success":false,"reason":"Room is already full"}
[2026-02-15T19:06:12.369Z] [INFO] [ROOM_JOIN_ATTEMPT] User attempting to join room | {"userId":"0175a781-5706-47cb-beb3-5ca226c5bcb6","userName":"eager-orange","roomId":"04f2cf0a-ffe7-403a-a561-d03ad30d23c8","role":"owner"}
[2026-02-15T19:06:37.993Z] [INFO] [ROOM_CREATED] Room created | {"roomId":"b2604c09-8b6d-48d2-ad4f-3570c4413e57","ownerId":"0175a781-5706-47cb-beb3-5ca226c5bcb6","ownerName":"eager-orange"}
[2026-02-15T19:06:38.137Z] [INFO] [ROOM_JOIN_ATTEMPT] User attempting to join room | {"userId":"0175a781-5706-47cb-beb3-5ca226c5bcb6","userName":"eager-orange","roomId":"b2604c09-8b6d-48d2-ad4f-3570c4413e57","role":"owner"}
[2026-02-15T19:06:38.140Z] [INFO] [ROOM_JOIN_ATTEMPT] User attempting to join room | {"userId":"0175a781-5706-47cb-beb3-5ca226c5bcb6","userName":"eager-orange","roomId":"b2604c09-8b6d-48d2-ad4f-3570c4413e57","role":"owner"}
[2026-02-15T19:06:44.060Z] [INFO] [ROOM_JOIN_ATTEMPT] User attempting to join room | {"userId":"98cbcff2-dcc2-4782-a8c3-213ad0734dca","userName":"eager-red","roomId":"b2604c09-8b6d-48d2-ad4f-3570c4413e57","role":"guest"}
[2026-02-15T19:06:44.061Z] [INFO] [ROOM_JOIN_SUCCESS] User joined room successfully | {"userId":"98cbcff2-dcc2-4782-a8c3-213ad0734dca","userName":"eager-red","roomId":"b2604c09-8b6d-48d2-ad4f-3570c4413e57","role":"guest","success":true}
[2026-02-15T19:06:44.070Z] [WARN] [ROOM_JOIN_FAILURE] User failed to join room | {"userId":"26593962-3529-4d15-b480-9185046a73df","userName":"cool-coral","roomId":"b2604c09-8b6d-48d2-ad4f-3570c4413e57","role":"guest","success":false,"reason":"Room is already full"}
[2026-02-15T19:07:03.147Z] [WARN] [ROOM_JOIN_FAILURE] User failed to join room | {"userId":"26593962-3529-4d15-b480-9185046a73df","userName":"cool-coral","roomId":"b2604c09-8b6d-48d2-ad4f-3570c4413e57","role":"guest","success":false,"reason":"Room is already full"}
[2026-02-15T19:07:03.151Z] [WARN] [ROOM_JOIN_FAILURE] User failed to join room | {"userId":"26593962-3529-4d15-b480-9185046a73df","userName":"cool-coral","roomId":"b2604c09-8b6d-48d2-ad4f-3570c4413e57","role":"guest","success":false,"reason":"Room is already full"}
[2026-02-15T19:07:13.951Z] [WARN] [ROOM_JOIN_FAILURE] User failed to join room | {"userId":"26593962-3529-4d15-b480-9185046a73df","userName":"cool-coral","roomId":"b2604c09-8b6d-48d2-ad4f-3570c4413e57","role":"guest","success":false,"reason":"Room is already full"}
[2026-02-15T19:07:13.968Z] [INFO] [ROOM_JOIN_ATTEMPT] User attempting to join room | {"userId":"0175a781-5706-47cb-beb3-5ca226c5bcb6","userName":"eager-orange","roomId":"b2604c09-8b6d-48d2-ad4f-3570c4413e57","role":"owner"}
[2026-02-15T19:07:24.384Z] [INFO] [ROOM_CREATED] Room created | {"roomId":"435ac485-0998-4ff8-8e27-9a2c5e19bb66","ownerId":"0175a781-5706-47cb-beb3-5ca226c5bcb6","ownerName":"eager-orange"}
[2026-02-15T19:07:24.522Z] [INFO] [ROOM_JOIN_ATTEMPT] User attempting to join room | {"userId":"0175a781-5706-47cb-beb3-5ca226c5bcb6","userName":"eager-orange","roomId":"435ac485-0998-4ff8-8e27-9a2c5e19bb66","role":"owner"}
[2026-02-15T19:07:24.527Z] [INFO] [ROOM_JOIN_ATTEMPT] User attempting to join room | {"userId":"0175a781-5706-47cb-beb3-5ca226c5bcb6","userName":"eager-orange","roomId":"435ac485-0998-4ff8-8e27-9a2c5e19bb66","role":"owner"}
[2026-02-15T19:07:30.380Z] [INFO] [ROOM_JOIN_ATTEMPT] User attempting to join room | {"userId":"26593962-3529-4d15-b480-9185046a73df","userName":"cool-coral","roomId":"435ac485-0998-4ff8-8e27-9a2c5e19bb66","role":"guest"}
[2026-02-15T19:07:30.380Z] [INFO] [ROOM_JOIN_SUCCESS] User joined room successfully | {"userId":"26593962-3529-4d15-b480-9185046a73df","userName":"cool-coral","roomId":"435ac485-0998-4ff8-8e27-9a2c5e19bb66","role":"guest","success":true}
[2026-02-15T19:07:30.384Z] [INFO] [ROOM_JOIN_SUCCESS] User joined room successfully | {"userId":"26593962-3529-4d15-b480-9185046a73df","userName":"cool-coral","roomId":"435ac485-0998-4ff8-8e27-9a2c5e19bb66","role":"guest","success":true,"reason":"Rejoining existing room"}
[2026-02-15T19:08:15.480Z] [INFO] [ROOM_JOIN_SUCCESS] User joined room successfully | {"userId":"26593962-3529-4d15-b480-9185046a73df","userName":"cool-coral","roomId":"435ac485-0998-4ff8-8e27-9a2c5e19bb66","role":"guest","success":true,"reason":"Rejoining existing room"}
[2026-02-15T19:08:15.495Z] [INFO] [ROOM_JOIN_ATTEMPT] User attempting to join room | {"userId":"0175a781-5706-47cb-beb3-5ca226c5bcb6","userName":"eager-orange","roomId":"435ac485-0998-4ff8-8e27-9a2c5e19bb66","role":"owner"}
[2026-02-15T19:08:17.350Z] [INFO] [ROOM_JOIN_SUCCESS] User joined room successfully | {"userId":"26593962-3529-4d15-b480-9185046a73df","userName":"cool-coral","roomId":"435ac485-0998-4ff8-8e27-9a2c5e19bb66","role":"guest","success":true,"reason":"Rejoining existing room"}
[2026-02-15T19:08:17.358Z] [INFO] [ROOM_JOIN_ATTEMPT] User attempting to join room | {"userId":"0175a781-5706-47cb-beb3-5ca226c5bcb6","userName":"eager-orange","roomId":"435ac485-0998-4ff8-8e27-9a2c5e19bb66","role":"owner"}
[2026-02-15T19:08:32.637Z] [INFO] [ROOM_CREATED] Room created | {"roomId":"b7af7530-074c-457c-8079-cb7e562f0bd4","ownerId":"0175a781-5706-47cb-beb3-5ca226c5bcb6","ownerName":"eager-orange"}
[2026-02-15T19:08:32.871Z] [INFO] [ROOM_JOIN_ATTEMPT] User attempting to join room | {"userId":"0175a781-5706-47cb-beb3-5ca226c5bcb6","userName":"eager-orange","roomId":"b7af7530-074c-457c-8079-cb7e562f0bd4","role":"owner"}
[2026-02-15T19:08:32.883Z] [INFO] [ROOM_JOIN_ATTEMPT] User attempting to join room | {"userId":"0175a781-5706-47cb-beb3-5ca226c5bcb6","userName":"eager-orange","roomId":"b7af7530-074c-457c-8079-cb7e562f0bd4","role":"owner"}
[2026-02-15T19:08:35.352Z] [INFO] [ROOM_JOIN_ATTEMPT] User attempting to join room | {"userId":"493d1e72-bedd-4e2a-82c2-9917db19d394","userName":"proud-bronze","roomId":"b7af7530-074c-457c-8079-cb7e562f0bd4","role":"guest"}
[2026-02-15T19:08:35.352Z] [INFO] [ROOM_JOIN_SUCCESS] User joined room successfully | {"userId":"493d1e72-bedd-4e2a-82c2-9917db19d394","userName":"proud-bronze","roomId":"b7af7530-074c-457c-8079-cb7e562f0bd4","role":"guest","success":true}
[2026-02-15T19:08:35.362Z] [WARN] [ROOM_JOIN_FAILURE] User failed to join room | {"userId":"39e57b8d-3e47-4807-90cc-028c250ae891","userName":"zany-crimson","roomId":"b7af7530-074c-457c-8079-cb7e562f0bd4","role":"guest","success":false,"reason":"Room is already full"}
[2026-02-15T19:09:36.265Z] [INFO] [ROOM_JOIN_ATTEMPT] User attempting to join room | {"userId":"0175a781-5706-47cb-beb3-5ca226c5bcb6","userName":"eager-orange","roomId":"b7af7530-074c-457c-8079-cb7e562f0bd4","role":"owner"}
[2026-02-15T19:09:36.283Z] [WARN] [ROOM_JOIN_FAILURE] User failed to join room | {"userId":"39e57b8d-3e47-4807-90cc-028c250ae891","userName":"zany-crimson","roomId":"b7af7530-074c-457c-8079-cb7e562f0bd4","role":"guest","success":false,"reason":"Room is already full"}
[2026-02-15T19:09:39.659Z] [INFO] [ROOM_CREATED] Room created | {"roomId":"7762e02c-9911-4a65-b138-358cd2a1ff51","ownerId":"0175a781-5706-47cb-beb3-5ca226c5bcb6","ownerName":"eager-orange"}
[2026-02-15T19:09:39.893Z] [INFO] [ROOM_JOIN_ATTEMPT] User attempting to join room | {"userId":"0175a781-5706-47cb-beb3-5ca226c5bcb6","userName":"eager-orange","roomId":"7762e02c-9911-4a65-b138-358cd2a1ff51","role":"owner"}
[2026-02-15T19:09:39.899Z] [INFO] [ROOM_JOIN_ATTEMPT] User attempting to join room | {"userId":"0175a781-5706-47cb-beb3-5ca226c5bcb6","userName":"eager-orange","roomId":"7762e02c-9911-4a65-b138-358cd2a1ff51","role":"owner"}
[2026-02-15T19:09:45.544Z] [INFO] [ROOM_JOIN_ATTEMPT] User attempting to join room | {"userId":"dc242e87-df7f-4b46-89ca-08b2795c42d4","userName":"proud-silver","roomId":"7762e02c-9911-4a65-b138-358cd2a1ff51","role":"guest"}
[2026-02-15T19:09:45.544Z] [INFO] [ROOM_JOIN_SUCCESS] User joined room successfully | {"userId":"dc242e87-df7f-4b46-89ca-08b2795c42d4","userName":"proud-silver","roomId":"7762e02c-9911-4a65-b138-358cd2a1ff51","role":"guest","success":true}
[2026-02-15T19:09:45.550Z] [WARN] [ROOM_JOIN_FAILURE] User failed to join room | {"userId":"c90f4e8c-faca-47d1-bb06-f2a629f93649","userName":"gentle-red","roomId":"7762e02c-9911-4a65-b138-358cd2a1ff51","role":"guest","success":false,"reason":"Room is already full"}
[2026-02-15T19:10:02.975Z] [WARN] [ROOM_JOIN_FAILURE] User failed to join room | {"userId":"c90f4e8c-faca-47d1-bb06-f2a629f93649","userName":"gentle-red","roomId":"7762e02c-9911-4a65-b138-358cd2a1ff51","role":"guest","success":false,"reason":"Room does not exist"}
[2026-02-15T19:10:02.982Z] [WARN] [ROOM_JOIN_FAILURE] User failed to join room | {"userId":"c90f4e8c-faca-47d1-bb06-f2a629f93649","userName":"gentle-red","roomId":"7762e02c-9911-4a65-b138-358cd2a1ff51","role":"guest","success":false,"reason":"Room does not exist"}
[2026-02-15T19:10:04.205Z] [WARN] [ROOM_JOIN_FAILURE] User failed to join room | {"userId":"0175a781-5706-47cb-beb3-5ca226c5bcb6","userName":"eager-orange","roomId":"7762e02c-9911-4a65-b138-358cd2a1ff51","role":"guest","success":false,"reason":"Room does not exist"}
[2026-02-15T19:10:04.211Z] [WARN] [ROOM_JOIN_FAILURE] User failed to join room | {"userId":"0175a781-5706-47cb-beb3-5ca226c5bcb6","userName":"eager-orange","roomId":"7762e02c-9911-4a65-b138-358cd2a1ff51","role":"guest","success":false,"reason":"Room does not exist"}
[2026-02-15T19:10:08.096Z] [INFO] [ROOM_CREATED] Room created | {"roomId":"348d3ded-666f-416e-b6e2-95a2fd858b57","ownerId":"0175a781-5706-47cb-beb3-5ca226c5bcb6","ownerName":"eager-orange"}
[2026-02-15T19:10:08.313Z] [INFO] [ROOM_JOIN_ATTEMPT] User attempting to join room | {"userId":"0175a781-5706-47cb-beb3-5ca226c5bcb6","userName":"eager-orange","roomId":"348d3ded-666f-416e-b6e2-95a2fd858b57","role":"owner"}
[2026-02-15T19:10:08.321Z] [INFO] [ROOM_JOIN_ATTEMPT] User attempting to join room | {"userId":"0175a781-5706-47cb-beb3-5ca226c5bcb6","userName":"eager-orange","roomId":"348d3ded-666f-416e-b6e2-95a2fd858b57","role":"owner"}
[2026-02-15T19:10:14.837Z] [INFO] [ROOM_JOIN_ATTEMPT] User attempting to join room | {"userId":"808d3d7c-c39a-44e6-9f4b-9220612b68e8","userName":"calm-blue","roomId":"348d3ded-666f-416e-b6e2-95a2fd858b57","role":"guest"}
[2026-02-15T19:10:14.838Z] [INFO] [ROOM_JOIN_SUCCESS] User joined room successfully | {"userId":"808d3d7c-c39a-44e6-9f4b-9220612b68e8","userName":"calm-blue","roomId":"348d3ded-666f-416e-b6e2-95a2fd858b57","role":"guest","success":true}
[2026-02-15T19:10:14.844Z] [WARN] [ROOM_JOIN_FAILURE] User failed to join room | {"userId":"5109d72a-dbf9-41cb-af30-ff86a8829bc0","userName":"cool-teal","roomId":"348d3ded-666f-416e-b6e2-95a2fd858b57","role":"guest","success":false,"reason":"Room is already full"}
[2026-02-15T19:10:23.082Z] [WARN] [ROOM_JOIN_FAILURE] User failed to join room | {"userId":"5109d72a-dbf9-41cb-af30-ff86a8829bc0","userName":"cool-teal","roomId":"348d3ded-666f-416e-b6e2-95a2fd858b57","role":"guest","success":false,"reason":"Room is already full"}
[2026-02-15T19:10:23.092Z] [INFO] [ROOM_JOIN_ATTEMPT] User attempting to join room | {"userId":"0175a781-5706-47cb-beb3-5ca226c5bcb6","userName":"eager-orange","roomId":"348d3ded-666f-416e-b6e2-95a2fd858b57","role":"owner"}
[2026-02-15T19:10:38.667Z] [INFO] [ROOM_JOIN_ATTEMPT] User attempting to join room | {"userId":"0175a781-5706-47cb-beb3-5ca226c5bcb6","userName":"eager-orange","roomId":"348d3ded-666f-416e-b6e2-95a2fd858b57","role":"owner"}
[2026-02-15T19:10:41.916Z] [INFO] [ROOM_CREATED] Room created | {"roomId":"cac3996c-f9fc-4d9a-87c4-0c6c1a60909d","ownerId":"0175a781-5706-47cb-beb3-5ca226c5bcb6","ownerName":"eager-orange"}
[2026-02-15T19:10:42.198Z] [INFO] [ROOM_JOIN_ATTEMPT] User attempting to join room | {"userId":"0175a781-5706-47cb-beb3-5ca226c5bcb6","userName":"eager-orange","roomId":"cac3996c-f9fc-4d9a-87c4-0c6c1a60909d","role":"owner"}
[2026-02-15T19:10:42.208Z] [INFO] [ROOM_JOIN_ATTEMPT] User attempting to join room | {"userId":"0175a781-5706-47cb-beb3-5ca226c5bcb6","userName":"eager-orange","roomId":"cac3996c-f9fc-4d9a-87c4-0c6c1a60909d","role":"owner"}
[2026-02-15T19:10:45.287Z] [INFO] [ROOM_JOIN_ATTEMPT] User attempting to join room | {"userId":"4d35eee6-fca1-469e-8c48-881afe3c6224","userName":"zany-azure","roomId":"cac3996c-f9fc-4d9a-87c4-0c6c1a60909d","role":"guest"}
[2026-02-15T19:10:45.288Z] [INFO] [ROOM_JOIN_SUCCESS] User joined room successfully | {"userId":"4d35eee6-fca1-469e-8c48-881afe3c6224","userName":"zany-azure","roomId":"cac3996c-f9fc-4d9a-87c4-0c6c1a60909d","role":"guest","success":true}
[2026-02-15T19:10:45.291Z] [WARN] [ROOM_JOIN_FAILURE] User failed to join room | {"userId":"9be25c18-9b82-4f75-b10a-f942d0f32cb8","userName":"merry-silver","roomId":"cac3996c-f9fc-4d9a-87c4-0c6c1a60909d","role":"guest","success":false,"reason":"Room is already full"}
[2026-02-15T19:13:58.468Z] [INFO] [ROOM_JOIN_ATTEMPT] User attempting to join room | {"userId":"0175a781-5706-47cb-beb3-5ca226c5bcb6","userName":"eager-orange","roomId":"cac3996c-f9fc-4d9a-87c4-0c6c1a60909d","role":"owner"}
[2026-02-15T19:14:01.079Z] [INFO] [ROOM_CREATED] Room created | {"roomId":"5b687474-9fdc-404b-b0d0-38d251cee9cc","ownerId":"0175a781-5706-47cb-beb3-5ca226c5bcb6","ownerName":"eager-orange"}
[2026-02-15T19:14:01.225Z] [INFO] [ROOM_JOIN_ATTEMPT] User attempting to join room | {"userId":"0175a781-5706-47cb-beb3-5ca226c5bcb6","userName":"eager-orange","roomId":"5b687474-9fdc-404b-b0d0-38d251cee9cc","role":"owner"}
[2026-02-15T19:14:03.728Z] [INFO] [ROOM_JOIN_ATTEMPT] User attempting to join room | {"userId":"4a01dcfb-db58-43ed-9727-0d3f059ad43f","userName":"fancy-pink","roomId":"5b687474-9fdc-404b-b0d0-38d251cee9cc","role":"guest"}
[2026-02-15T19:14:03.729Z] [INFO] [ROOM_JOIN_SUCCESS] User joined room successfully | {"userId":"4a01dcfb-db58-43ed-9727-0d3f059ad43f","userName":"fancy-pink","roomId":"5b687474-9fdc-404b-b0d0-38d251cee9cc","role":"guest","success":true}
[2026-02-15T19:14:09.979Z] [INFO] [ROOM_JOIN_SUCCESS] User joined room successfully | {"userId":"4a01dcfb-db58-43ed-9727-0d3f059ad43f","userName":"fancy-pink","roomId":"5b687474-9fdc-404b-b0d0-38d251cee9cc","role":"guest","success":true,"reason":"Rejoining existing room"}
[2026-02-15T19:14:51.474Z] [INFO] [ROOM_CREATED] Room created | {"roomId":"d3392e14-c5ee-46dd-b56d-af177e614ed3","ownerId":"0175a781-5706-47cb-beb3-5ca226c5bcb6","ownerName":"eager-orange"}
[2026-02-15T19:14:51.713Z] [INFO] [ROOM_JOIN_ATTEMPT] User attempting to join room | {"userId":"0175a781-5706-47cb-beb3-5ca226c5bcb6","userName":"eager-orange","roomId":"d3392e14-c5ee-46dd-b56d-af177e614ed3","role":"owner"}
[2026-02-15T19:14:55.313Z] [INFO] [ROOM_JOIN_ATTEMPT] User attempting to join room | {"userId":"d635c256-43af-447b-9b84-d30d19347f28","userName":"kind-gold","roomId":"d3392e14-c5ee-46dd-b56d-af177e614ed3","role":"guest"}
[2026-02-15T19:14:55.313Z] [INFO] [ROOM_JOIN_SUCCESS] User joined room successfully | {"userId":"d635c256-43af-447b-9b84-d30d19347f28","userName":"kind-gold","roomId":"d3392e14-c5ee-46dd-b56d-af177e614ed3","role":"guest","success":true}
